<?xml version="1.0" encoding="UTF-8"?>
<!-- Generated by org.testng.reporters.JUnitReportReporter -->
<testsuite hostname="BOND" failures="0" tests="1" name="com.salesforce_Test_case.Testcaseno1" time="27.041" errors="0" timestamp="06 Oct 2019 11:58:22 GMT" skipped="0">
  <testcase classname="com.salesforce_Test_case.Testcaseno1" name="login" time="27.041"/>
</testsuite> <!-- com.salesforce_Test_case.Testcaseno1 -->
