<?xml version="1.0" encoding="UTF-8"?>
<!-- Generated by org.testng.reporters.JUnitReportReporter -->
<testsuite hostname="BOND" failures="0" tests="1" name="com.salesforce_Test_case.salesforce_Testcase" time="22.942" errors="0" timestamp="28 Sep 2019 17:33:44 GMT" skipped="0">
  <testcase classname="com.salesforce_Test_case.salesforce_Testcase" name="Reading_xlsx_files" time="22.942"/>
</testsuite> <!-- com.salesforce_Test_case.salesforce_Testcase -->
